<?xml version="1.0" encoding="UTF-8"?>
<testsuite name="ru.aleverika.tests.GroupModifyTest" tests="1" skipped="0" failures="0" errors="0" timestamp="2024-04-11T01:07:11" hostname="WURRTKIT0256" time="0.729">
  <properties/>
  <testcase name="canModifyGroup()" classname="ru.aleverika.tests.GroupModifyTest" time="0.729"/>
  <system-out><![CDATA[]]></system-out>
  <system-err><![CDATA[]]></system-err>
</testsuite>
