<?xml version="1.0" encoding="UTF-8"?>
<testsuite name="GroupAddingTest" tests="3" skipped="0" failures="0" errors="0" timestamp="2024-04-10T09:41:36" hostname="WURRTKIT0256" time="6.118">
  <properties/>
  <testcase name="CanAddGroupEmptyName()" classname="GroupAddingTest" time="4.589"/>
  <testcase name="CanAddGroup()" classname="GroupAddingTest" time="0.815"/>
  <testcase name="CanAddGroupWithName()" classname="GroupAddingTest" time="0.713"/>
  <system-out><![CDATA[]]></system-out>
  <system-err><![CDATA[]]></system-err>
</testsuite>
