<?xml version="1.0" encoding="UTF-8"?>
<testsuite name="GroupDeletingTest" tests="1" skipped="0" failures="0" errors="0" timestamp="2024-04-08T16:47:37" hostname="WURRTKIT0256" time="23.808">
  <properties/>
  <testcase name="groupDeleting()" classname="GroupDeletingTest" time="23.808"/>
  <system-out><![CDATA[]]></system-out>
  <system-err><![CDATA[]]></system-err>
</testsuite>
