<?xml version="1.0" encoding="UTF-8"?>
<testsuite name="ru.aleverika.tests.GroupDeletingTest" tests="1" skipped="0" failures="0" errors="0" timestamp="2024-04-11T01:07:10" hostname="WURRTKIT0256" time="0.461">
  <properties/>
  <testcase name="groupDeleting()" classname="ru.aleverika.tests.GroupDeletingTest" time="0.461"/>
  <system-out><![CDATA[]]></system-out>
  <system-err><![CDATA[]]></system-err>
</testsuite>
