<?xml version="1.0" encoding="UTF-8"?>
<testsuite name="GroupAddingTestTest" tests="1" skipped="0" failures="0" errors="0" timestamp="2024-04-08T15:19:29" hostname="WURRTKIT0256" time="24.695">
  <properties/>
  <testcase name="groupAddingTest()" classname="GroupAddingTestTest" time="24.695"/>
  <system-out><![CDATA[]]></system-out>
  <system-err><![CDATA[]]></system-err>
</testsuite>
